<?xml version="1.0" encoding="UTF-8"?>
<!-- Generated by org.testng.reporters.JUnitReportReporter -->
<testsuite hostname="LAPTOP-V2EFQHVH" failures="0" tests="1" name="sendrequest.SendRequestTest" time="49.107" errors="0" timestamp="2024-08-09T14:29:24 IST" skipped="0">
  <testcase classname="sendrequest.SendRequestTest" name="sendMessage" time="49.107"/>
  <system-out/>
</testsuite> <!-- sendrequest.SendRequestTest -->
