<?xml version="1.0" encoding="UTF-8"?>
<!-- Generated by org.testng.reporters.JUnitReportReporter -->
<testsuite hostname="LAPTOP-V2EFQHVH" failures="0" tests="1" name="sendrequest.SendMessageTest" time="44.431" errors="0" timestamp="2024-08-12T13:16:42 IST" skipped="0">
  <testcase classname="sendrequest.SendMessageTest" name="sendMessage" time="44.431"/>
  <system-out/>
</testsuite> <!-- sendrequest.SendMessageTest -->
