<?xml version="1.0" encoding="UTF-8"?>
<!-- Generated by org.testng.reporters.JUnitReportReporter -->
<testsuite hostname="LAPTOP-V2EFQHVH" failures="0" tests="1" name="message.SendMessageTest" time="41.727" errors="0" timestamp="2024-08-12T13:25:04 IST" skipped="0">
  <testcase classname="message.SendMessageTest" name="sendMessage" time="41.727"/>
  <system-out/>
</testsuite> <!-- message.SendMessageTest -->
