<?xml version="1.0" encoding="UTF-8"?>
<!-- Generated by org.testng.reporters.JUnitReportReporter -->
<testsuite hostname="DESKTOP-M9TKH38" failures="0" tests="1" name="sendrequest.SendRequestTest" time="27.016" errors="0" timestamp="2024-08-12T13:08:12 IST" skipped="0">
  <testcase classname="sendrequest.SendRequestTest" name="sendFriendRequest" time="27.016"/>
  <system-out/>
</testsuite> <!-- sendrequest.SendRequestTest -->
